Electro gun/Temp/gradleOut/unityLibrary/build/intermediates/manifest_merge_blame_file/release/manifest-merger-blame-release-report.txt
1<?xml version="1.0" encoding="utf-8"?>
2<!-- GENERATED BY UNITY. REMOVE THIS COMMENT TO PREVENT OVERWRITING WHEN EXPORTING AGAIN -->
3<manifest xmlns:android="http://schemas.android.com/apk/res/android"
4    xmlns:tools="http://schemas.android.com/tools"
5    package="com.unity3d.player"
6    android:installLocation="auto"
7    android:versionCode="1"
8    android:versionName="0.1" >
9
10    <uses-sdk
11        android:minSdkVersion="23"
11-->src\main\AndroidManifest.xml
12        android:targetSdkVersion="29" />
12-->src\main\AndroidManifest.xml
13
14    <uses-feature android:glEsVersion="0x00020000" />
14-->src\main\AndroidManifest.xml:24:3-52
14-->src\main\AndroidManifest.xml:24:17-49
15    <uses-feature android:name="android.hardware.vulkan.version" />
15-->src\main\AndroidManifest.xml:25:3-66
15-->src\main\AndroidManifest.xml:25:17-63
16
17    <supports-gl-texture android:name="GL_KHR_texture_compression_astc_ldr" />
17-->src\main\AndroidManifest.xml:26:3-77
17-->src\main\AndroidManifest.xml:26:24-74
18
19    <uses-permission android:name="android.permission.INTERNET" />
19-->src\main\AndroidManifest.xml:27:3-65
19-->src\main\AndroidManifest.xml:27:20-62
20
21    <uses-feature
21-->src\main\AndroidManifest.xml:28:3-88
22        android:name="android.hardware.touchscreen"
22-->src\main\AndroidManifest.xml:28:17-60
23        android:required="false" />
23-->src\main\AndroidManifest.xml:28:61-85
24    <uses-feature
24-->src\main\AndroidManifest.xml:29:3-99
25        android:name="android.hardware.touchscreen.multitouch"
25-->src\main\AndroidManifest.xml:29:17-71
26        android:required="false" />
26-->src\main\AndroidManifest.xml:29:72-96
27    <uses-feature
27-->src\main\AndroidManifest.xml:30:3-108
28        android:name="android.hardware.touchscreen.multitouch.distinct"
28-->src\main\AndroidManifest.xml:30:17-80
29        android:required="false" />
29-->src\main\AndroidManifest.xml:30:81-105
30    <uses-feature
30-->src\main\AndroidManifest.xml:31:3-111
31        android:name="android.hardware.vr.headtracking"
31-->src\main\AndroidManifest.xml:31:17-64
32        android:required="true"
32-->src\main\AndroidManifest.xml:31:65-88
33        android:version="1" />
33-->src\main\AndroidManifest.xml:31:89-108
34
35    <application
35-->src\main\AndroidManifest.xml:4:3-23:17
36        android:allowBackup="false"
36-->src\main\AndroidManifest.xml:4:81-108
37        android:icon="@mipmap/app_icon"
37-->src\main\AndroidManifest.xml:4:49-80
38        android:label="@string/app_name"
38-->src\main\AndroidManifest.xml:4:16-48
39        android:networkSecurityConfig="@xml/network_sec_config" >
39-->src\main\AndroidManifest.xml:4:109-164
40        <activity
40-->src\main\AndroidManifest.xml:5:5-14:16
41            android:name="com.unity3d.player.UnityPlayerActivity"
41-->src\main\AndroidManifest.xml:5:15-68
42            android:configChanges="keyboard|keyboardHidden|navigation|orientation|screenLayout|screenSize|uiMode"
42-->src\main\AndroidManifest.xml:5:204-305
43            android:hardwareAccelerated="false"
43-->src\main\AndroidManifest.xml:5:341-376
44            android:launchMode="singleTask"
44-->src\main\AndroidManifest.xml:5:172-203
45            android:resizeableActivity="false"
45-->src\main\AndroidManifest.xml:5:306-340
46            android:screenOrientation="landscape"
46-->src\main\AndroidManifest.xml:5:134-171
47            android:theme="@android:style/Theme.Black.NoTitleBar.Fullscreen" >
47-->src\main\AndroidManifest.xml:5:69-133
48            <intent-filter>
48-->src\main\AndroidManifest.xml:6:7-10:23
49                <action android:name="android.intent.action.MAIN" />
49-->src\main\AndroidManifest.xml:7:9-61
49-->src\main\AndroidManifest.xml:7:17-58
50
51                <category android:name="android.intent.category.LAUNCHER" />
51-->src\main\AndroidManifest.xml:8:9-69
51-->src\main\AndroidManifest.xml:8:19-66
52                <category android:name="com.oculus.intent.category.VR" />
52-->src\main\AndroidManifest.xml:9:9-66
52-->src\main\AndroidManifest.xml:9:19-63
53            </intent-filter>
54
55            <meta-data
55-->src\main\AndroidManifest.xml:11:7-82
56                android:name="unityplayer.UnityActivity"
56-->src\main\AndroidManifest.xml:11:18-58
57                android:value="true" />
57-->src\main\AndroidManifest.xml:11:59-79
58            <meta-data
58-->src\main\AndroidManifest.xml:12:7-78
59                android:name="android.notch_support"
59-->src\main\AndroidManifest.xml:12:18-54
60                android:value="true" />
60-->src\main\AndroidManifest.xml:12:55-75
61            <meta-data
61-->src\main\AndroidManifest.xml:13:7-81
62                android:name="com.oculus.vr.focusaware"
62-->src\main\AndroidManifest.xml:13:18-57
63                android:value="true" />
63-->src\main\AndroidManifest.xml:13:58-78
64        </activity>
65
66        <meta-data
66-->src\main\AndroidManifest.xml:15:5-69
67            android:name="unity.splash-mode"
67-->src\main\AndroidManifest.xml:15:16-48
68            android:value="0" />
68-->src\main\AndroidManifest.xml:15:49-66
69        <meta-data
69-->src\main\AndroidManifest.xml:16:5-74
70            android:name="unity.splash-enable"
70-->src\main\AndroidManifest.xml:16:16-50
71            android:value="True" />
71-->src\main\AndroidManifest.xml:16:51-71
72        <meta-data
72-->src\main\AndroidManifest.xml:17:5-84
73            android:name="unity.allow-resizable-window"
73-->src\main\AndroidManifest.xml:17:16-59
74            android:value="False" />
74-->src\main\AndroidManifest.xml:17:60-81
75        <meta-data
75-->src\main\AndroidManifest.xml:18:5-81
76            android:name="notch.config"
76-->src\main\AndroidManifest.xml:18:16-43
77            android:value="portrait|landscape" />
77-->src\main\AndroidManifest.xml:18:44-78
78        <meta-data
78-->src\main\AndroidManifest.xml:19:5-101
79            android:name="unity.build-id"
79-->src\main\AndroidManifest.xml:19:16-45
80            android:value="c45f84ba-cf49-45b6-9126-f45333958f05" />
80-->src\main\AndroidManifest.xml:19:46-98
81        <meta-data
81-->src\main\AndroidManifest.xml:20:5-97
82            android:name="com.samsung.android.vr.application.mode"
82-->src\main\AndroidManifest.xml:20:16-70
83            android:value="vr_only" />
83-->src\main\AndroidManifest.xml:20:71-94
84        <meta-data
84-->src\main\AndroidManifest.xml:21:5-91
85            android:name="com.unity.xr.oculus.LowOverheadMode"
85-->src\main\AndroidManifest.xml:21:16-66
86            android:value="false" />
86-->src\main\AndroidManifest.xml:21:67-88
87        <meta-data
87-->src\main\AndroidManifest.xml:22:5-90
88            android:name="com.oculus.supportedDevices"
88-->src\main\AndroidManifest.xml:22:16-58
89            android:value="quest|quest2" />
89-->src\main\AndroidManifest.xml:22:59-87
90    </application>
91
92</manifest>